Determining if the pthread_create exist failed with the following output:
Change Dir: /media/irip/850Evo/qzhlsq/transito-cv/cmake-build-debug/CMakeFiles/CMakeTmp

Run Build Command:"/usr/bin/make" "cmTC_b2e5c/fast"
/usr/bin/make -f CMakeFiles/cmTC_b2e5c.dir/build.make CMakeFiles/cmTC_b2e5c.dir/build
make[1]: Entering directory '/media/irip/850Evo/qzhlsq/transito-cv/cmake-build-debug/CMakeFiles/CMakeTmp'
Building C object CMakeFiles/cmTC_b2e5c.dir/CheckSymbolExists.c.o
/usr/bin/cc    -o CMakeFiles/cmTC_b2e5c.dir/CheckSymbolExists.c.o   -c /media/irip/850Evo/qzhlsq/transito-cv/cmake-build-debug/CMakeFiles/CMakeTmp/CheckSymbolExists.c
Linking C executable cmTC_b2e5c
/home/irip/Downloads/clion-2018.2/bin/cmake/linux/bin/cmake -E cmake_link_script CMakeFiles/cmTC_b2e5c.dir/link.txt --verbose=1
/usr/bin/cc      -rdynamic CMakeFiles/cmTC_b2e5c.dir/CheckSymbolExists.c.o  -o cmTC_b2e5c 
CMakeFiles/cmTC_b2e5c.dir/CheckSymbolExists.c.o: In function `main':
CheckSymbolExists.c:(.text+0x16): undefined reference to `pthread_create'
collect2: error: ld returned 1 exit status
CMakeFiles/cmTC_b2e5c.dir/build.make:86: recipe for target 'cmTC_b2e5c' failed
make[1]: *** [cmTC_b2e5c] Error 1
make[1]: Leaving directory '/media/irip/850Evo/qzhlsq/transito-cv/cmake-build-debug/CMakeFiles/CMakeTmp'
Makefile:121: recipe for target 'cmTC_b2e5c/fast' failed
make: *** [cmTC_b2e5c/fast] Error 2

File /media/irip/850Evo/qzhlsq/transito-cv/cmake-build-debug/CMakeFiles/CMakeTmp/CheckSymbolExists.c:
/* */
#include <pthread.h>

int main(int argc, char** argv)
{
  (void)argv;
#ifndef pthread_create
  return ((int*)(&pthread_create))[argc];
#else
  (void)argc;
  return 0;
#endif
}

Determining if the function pthread_create exists in the pthreads failed with the following output:
Change Dir: /media/irip/850Evo/qzhlsq/transito-cv/cmake-build-debug/CMakeFiles/CMakeTmp

Run Build Command:"/usr/bin/make" "cmTC_27d3a/fast"
/usr/bin/make -f CMakeFiles/cmTC_27d3a.dir/build.make CMakeFiles/cmTC_27d3a.dir/build
make[1]: Entering directory '/media/irip/850Evo/qzhlsq/transito-cv/cmake-build-debug/CMakeFiles/CMakeTmp'
Building C object CMakeFiles/cmTC_27d3a.dir/CheckFunctionExists.c.o
/usr/bin/cc   -DCHECK_FUNCTION_EXISTS=pthread_create   -o CMakeFiles/cmTC_27d3a.dir/CheckFunctionExists.c.o   -c /home/irip/Downloads/clion-2018.2/bin/cmake/linux/share/cmake-3.12/Modules/CheckFunctionExists.c
Linking C executable cmTC_27d3a
/home/irip/Downloads/clion-2018.2/bin/cmake/linux/bin/cmake -E cmake_link_script CMakeFiles/cmTC_27d3a.dir/link.txt --verbose=1
/usr/bin/cc  -DCHECK_FUNCTION_EXISTS=pthread_create    -rdynamic CMakeFiles/cmTC_27d3a.dir/CheckFunctionExists.c.o  -o cmTC_27d3a -lpthreads 
/usr/bin/ld: cannot find -lpthreads
collect2: error: ld returned 1 exit status
CMakeFiles/cmTC_27d3a.dir/build.make:86: recipe for target 'cmTC_27d3a' failed
make[1]: *** [cmTC_27d3a] Error 1
make[1]: Leaving directory '/media/irip/850Evo/qzhlsq/transito-cv/cmake-build-debug/CMakeFiles/CMakeTmp'
Makefile:121: recipe for target 'cmTC_27d3a/fast' failed
make: *** [cmTC_27d3a/fast] Error 2


Determining if the function sgesv exists failed with the following output:
Change Dir: /media/irip/850Evo/qzhlsq/transito-cv/cmake-build-debug/CMakeFiles/CMakeTmp

Run Build Command:"/usr/bin/make" "cmTC_db054/fast"
/usr/bin/make -f CMakeFiles/cmTC_db054.dir/build.make CMakeFiles/cmTC_db054.dir/build
make[1]: Entering directory '/media/irip/850Evo/qzhlsq/transito-cv/cmake-build-debug/CMakeFiles/CMakeTmp'
Building C object CMakeFiles/cmTC_db054.dir/CheckFunctionExists.c.o
/usr/bin/cc   -DCHECK_FUNCTION_EXISTS=sgesv   -o CMakeFiles/cmTC_db054.dir/CheckFunctionExists.c.o   -c /home/irip/Downloads/clion-2018.2/bin/cmake/linux/share/cmake-3.12/Modules/CheckFunctionExists.c
Linking C executable cmTC_db054
/home/irip/Downloads/clion-2018.2/bin/cmake/linux/bin/cmake -E cmake_link_script CMakeFiles/cmTC_db054.dir/link.txt --verbose=1
/usr/bin/cc  -DCHECK_FUNCTION_EXISTS=sgesv    -rdynamic CMakeFiles/cmTC_db054.dir/CheckFunctionExists.c.o  -o cmTC_db054 /usr/lib/liblapack.so 
CMakeFiles/cmTC_db054.dir/CheckFunctionExists.c.o: In function `main':
CheckFunctionExists.c:(.text+0x10): undefined reference to `sgesv'
collect2: error: ld returned 1 exit status
CMakeFiles/cmTC_db054.dir/build.make:87: recipe for target 'cmTC_db054' failed
make[1]: *** [cmTC_db054] Error 1
make[1]: Leaving directory '/media/irip/850Evo/qzhlsq/transito-cv/cmake-build-debug/CMakeFiles/CMakeTmp'
Makefile:121: recipe for target 'cmTC_db054/fast' failed
make: *** [cmTC_db054/fast] Error 2


Determining if the function sgetrf_single exists failed with the following output:
Change Dir: /media/irip/850Evo/qzhlsq/transito-cv/cmake-build-debug/CMakeFiles/CMakeTmp

Run Build Command:"/usr/bin/make" "cmTC_42145/fast"
/usr/bin/make -f CMakeFiles/cmTC_42145.dir/build.make CMakeFiles/cmTC_42145.dir/build
make[1]: Entering directory '/media/irip/850Evo/qzhlsq/transito-cv/cmake-build-debug/CMakeFiles/CMakeTmp'
Building C object CMakeFiles/cmTC_42145.dir/CheckFunctionExists.c.o
/usr/bin/cc   -DCHECK_FUNCTION_EXISTS=sgetrf_single   -o CMakeFiles/cmTC_42145.dir/CheckFunctionExists.c.o   -c /home/irip/Downloads/clion-2018.2/bin/cmake/linux/share/cmake-3.12/Modules/CheckFunctionExists.c
Linking C executable cmTC_42145
/home/irip/Downloads/clion-2018.2/bin/cmake/linux/bin/cmake -E cmake_link_script CMakeFiles/cmTC_42145.dir/link.txt --verbose=1
/usr/bin/cc  -DCHECK_FUNCTION_EXISTS=sgetrf_single    -rdynamic CMakeFiles/cmTC_42145.dir/CheckFunctionExists.c.o  -o cmTC_42145 /usr/lib/libcblas.so 
CMakeFiles/cmTC_42145.dir/CheckFunctionExists.c.o: In function `main':
CheckFunctionExists.c:(.text+0x10): undefined reference to `sgetrf_single'
collect2: error: ld returned 1 exit status
CMakeFiles/cmTC_42145.dir/build.make:87: recipe for target 'cmTC_42145' failed
make[1]: *** [cmTC_42145] Error 1
make[1]: Leaving directory '/media/irip/850Evo/qzhlsq/transito-cv/cmake-build-debug/CMakeFiles/CMakeTmp'
Makefile:121: recipe for target 'cmTC_42145/fast' failed
make: *** [cmTC_42145/fast] Error 2


